<?xml version="1.0" encoding="UTF-8"?>
<testsuite xmlns:xsi="http://www.w3.org/2001/XMLSchema-instance" xsi:noNamespaceSchemaLocation="https://maven.apache.org/surefire/maven-surefire-plugin/xsd/surefire-test-report.xsd" version="3.0.2" name="com.burutech.iotgeofencemonitor.domain.model.CircularZoneTest" time="0.048" tests="4" errors="0" skipped="0" failures="0">
  <properties>
[...]
</properties>
  <testcase name="shouldReturnTrue_whenLocationIsOnTheEdge" classname="com.burutech.iotgeofencemonitor.domain.model.CircularZoneTest" time="0.031"/>
  <testcase name="shouldHandleZeroRadius" classname="com.burutech.iotgeofencemonitor.domain.model.CircularZoneTest" time="0.001"/>
  <testcase name="shouldReturnTrue_whenLocationIsInside" classname="com.burutech.iotgeofencemonitor.domain.model.CircularZoneTest" time="0.001"/>
  <testcase name="shouldReturnFalse_whenLocationIsOutside" classname="com.burutech.iotgeofencemonitor.domain.model.CircularZoneTest" time="0.001"/>
</testsuite>